<?xml version="1.0" encoding="UTF-8"?>
<!-- Generated by org.testng.reporters.JUnitXMLReporter -->
<testsuite ignored="0" hostname="LAPTOP-5200UCR4" failures="0" tests="12" name="Default test" time="200.159" errors="0" timestamp="2022-01-18T13:58:52 IST">
  <testcase classname="runner.CarBookingRunner" name="validateTitle" time="0.981"/>
  <testcase classname="runner.CarBookingRunner" name="LogIn" time="14.406"/>
  <testcase classname="runner.CarBookingRunner" name="Bookings" time="21.213"/>
  <testcase classname="runner.CarBookingRunner" name="Register" time="16.106"/>
  <testcase classname="runner.CarBookingRunner" name="Aboutus" time="3.55"/>
  <testcase classname="runner.CarBookingRunner" name="airporttaxi" time="11.882"/>
  <testcase classname="runner.CarBookingRunner" name="CheckCabTypes" time="6.181"/>
  <testcase classname="runner.CarBookingRunner" name="ContactUs" time="6.818"/>
  <testcase classname="runner.CarBookingRunner" name="localcars" time="7.216"/>
  <testcase classname="runner.CarBookingRunner" name="oneway" time="5.369"/>
  <testcase classname="runner.CarBookingRunner" name="RoundTrip" time="11.998"/>
  <testcase classname="runner.CarBookingRunner" name="TravelAgents" time="4.843"/>
</testsuite> <!-- Default test -->
