<?xml version="1.0" encoding="UTF-8"?>
<testng-results ignored="0" total="1" passed="1" failed="0" skipped="0">
  <reporter-output>
  </reporter-output>
  <suite started-at="2022-01-18T15:00:57 IST" name="Surefire suite" finished-at="2022-01-18T15:00:57 IST" duration-ms="323">
    <groups>
    </groups>
    <test started-at="2022-01-18T15:00:57 IST" name="Surefire test" finished-at="2022-01-18T15:00:57 IST" duration-ms="323">
      <class name="mindtree.Comprehensive_framework.AppTest">
        <test-method signature="shouldAnswerWithTrue()" started-at="2022-01-18T15:00:57 IST" name="shouldAnswerWithTrue" finished-at="2022-01-18T15:00:57 IST" duration-ms="21" status="PASS">
          <reporter-output>
          </reporter-output>
        </test-method> <!-- shouldAnswerWithTrue -->
      </class> <!-- mindtree.Comprehensive_framework.AppTest -->
    </test> <!-- Surefire test -->
  </suite> <!-- Surefire suite -->
</testng-results>
