<?xml version="1.0" encoding="UTF-8"?>
<testng-results ignored="0" total="12" passed="12" failed="0" skipped="0">
  <reporter-output>
  </reporter-output>
  <suite started-at="2022-01-18T13:55:32 IST" name="Default suite" finished-at="2022-01-18T13:58:52 IST" duration-ms="200159">
    <groups>
    </groups>
    <test started-at="2022-01-18T13:55:32 IST" name="Default test" finished-at="2022-01-18T13:58:52 IST" duration-ms="200159">
      <class name="runner.CarBookingRunner">
        <test-method is-config="true" signature="initializeDriver()[pri:0, instance:runner.CarBookingRunner@5965be2d]" started-at="2022-01-18T13:55:32 IST" name="initializeDriver" finished-at="2022-01-18T13:55:45 IST" duration-ms="13386" status="PASS">
          <reporter-output>
          </reporter-output>
        </test-method> <!-- initializeDriver -->
        <test-method signature="validateTitle(java.lang.String)[pri:1, instance:runner.CarBookingRunner@5965be2d]" started-at="2022-01-18T13:55:45 IST" name="validateTitle" data-provider="getTitle" finished-at="2022-01-18T13:55:46 IST" duration-ms="981" status="PASS">
          <params>
            <param index="0">
              <value>
                <![CDATA[Book Outstation Cabs, Local & Airport Taxi Service - India's Leading Car Rentals]]>
              </value>
            </param>
          </params>
          <reporter-output>
          </reporter-output>
        </test-method> <!-- validateTitle -->
        <test-method is-config="true" signature="EndTheTest()[pri:0, instance:runner.CarBookingRunner@5965be2d]" started-at="2022-01-18T13:55:46 IST" name="EndTheTest" finished-at="2022-01-18T13:55:48 IST" duration-ms="1646" status="PASS">
          <reporter-output>
          </reporter-output>
        </test-method> <!-- EndTheTest -->
        <test-method is-config="true" signature="initializeDriver()[pri:0, instance:runner.CarBookingRunner@5965be2d]" started-at="2022-01-18T13:55:48 IST" name="initializeDriver" finished-at="2022-01-18T13:55:53 IST" duration-ms="5814" status="PASS">
          <reporter-output>
          </reporter-output>
        </test-method> <!-- initializeDriver -->
        <test-method signature="LogIn(java.lang.String, java.lang.String)[pri:2, instance:runner.CarBookingRunner@5965be2d]" started-at="2022-01-18T13:55:53 IST" name="LogIn" data-provider="getData" finished-at="2022-01-18T13:56:08 IST" duration-ms="14406" status="PASS">
          <params>
            <param index="0">
              <value>
                <![CDATA[ynn@gmail.com]]>
              </value>
            </param>
            <param index="1">
              <value>
                <![CDATA[password]]>
              </value>
            </param>
          </params>
          <reporter-output>
          </reporter-output>
        </test-method> <!-- LogIn -->
        <test-method is-config="true" signature="EndTheTest()[pri:0, instance:runner.CarBookingRunner@5965be2d]" started-at="2022-01-18T13:56:08 IST" name="EndTheTest" finished-at="2022-01-18T13:56:09 IST" duration-ms="1662" status="PASS">
          <reporter-output>
          </reporter-output>
        </test-method> <!-- EndTheTest -->
        <test-method is-config="true" signature="initializeDriver()[pri:0, instance:runner.CarBookingRunner@5965be2d]" started-at="2022-01-18T13:56:09 IST" name="initializeDriver" finished-at="2022-01-18T13:56:15 IST" duration-ms="5980" status="PASS">
          <reporter-output>
          </reporter-output>
        </test-method> <!-- initializeDriver -->
        <test-method signature="Bookings(java.lang.String, java.lang.String, java.lang.String)[pri:3, instance:runner.CarBookingRunner@5965be2d]" started-at="2022-01-18T13:56:15 IST" name="Bookings" data-provider="getViewBooking" finished-at="2022-01-18T13:56:37 IST" duration-ms="21213" status="PASS">
          <params>
            <param index="0">
              <value>
                <![CDATA[ynn@gmail.com]]>
              </value>
            </param>
            <param index="1">
              <value>
                <![CDATA[password]]>
              </value>
            </param>
            <param index="2">
              <value>
                <![CDATA[Bookings]]>
              </value>
            </param>
          </params>
          <reporter-output>
          </reporter-output>
        </test-method> <!-- Bookings -->
        <test-method is-config="true" signature="EndTheTest()[pri:0, instance:runner.CarBookingRunner@5965be2d]" started-at="2022-01-18T13:56:37 IST" name="EndTheTest" finished-at="2022-01-18T13:56:38 IST" duration-ms="1624" status="PASS">
          <reporter-output>
          </reporter-output>
        </test-method> <!-- EndTheTest -->
        <test-method is-config="true" signature="initializeDriver()[pri:0, instance:runner.CarBookingRunner@5965be2d]" started-at="2022-01-18T13:56:38 IST" name="initializeDriver" finished-at="2022-01-18T13:56:43 IST" duration-ms="4993" status="PASS">
          <reporter-output>
          </reporter-output>
        </test-method> <!-- initializeDriver -->
        <test-method signature="Register(java.lang.String, java.lang.String, java.lang.String, java.lang.String, java.lang.String)[pri:4, instance:runner.CarBookingRunner@5965be2d]" started-at="2022-01-18T13:56:43 IST" name="Register" data-provider="getuserData" finished-at="2022-01-18T13:56:59 IST" duration-ms="16106" status="PASS">
          <params>
            <param index="0">
              <value>
                <![CDATA[nv]]>
              </value>
            </param>
            <param index="1">
              <value>
                <![CDATA[1.234567892E9]]>
              </value>
            </param>
            <param index="2">
              <value>
                <![CDATA[nv30@gmail.com]]>
              </value>
            </param>
            <param index="3">
              <value>
                <![CDATA[password]]>
              </value>
            </param>
            <param index="4">
              <value>
                <![CDATA[password]]>
              </value>
            </param>
          </params>
          <reporter-output>
          </reporter-output>
        </test-method> <!-- Register -->
        <test-method is-config="true" signature="EndTheTest()[pri:0, instance:runner.CarBookingRunner@5965be2d]" started-at="2022-01-18T13:56:59 IST" name="EndTheTest" finished-at="2022-01-18T13:57:01 IST" duration-ms="1650" status="PASS">
          <reporter-output>
          </reporter-output>
        </test-method> <!-- EndTheTest -->
        <test-method is-config="true" signature="initializeDriver()[pri:0, instance:runner.CarBookingRunner@5965be2d]" started-at="2022-01-18T13:57:01 IST" name="initializeDriver" finished-at="2022-01-18T13:57:06 IST" duration-ms="5269" status="PASS">
          <reporter-output>
          </reporter-output>
        </test-method> <!-- initializeDriver -->
        <test-method signature="Aboutus(java.lang.String)[pri:5, instance:runner.CarBookingRunner@5965be2d]" started-at="2022-01-18T13:57:06 IST" name="Aboutus" data-provider="getCEOName" finished-at="2022-01-18T13:57:10 IST" duration-ms="3550" status="PASS">
          <params>
            <param index="0">
              <value>
                <![CDATA[Gaurav Aggarwal]]>
              </value>
            </param>
          </params>
          <reporter-output>
          </reporter-output>
        </test-method> <!-- Aboutus -->
        <test-method is-config="true" signature="EndTheTest()[pri:0, instance:runner.CarBookingRunner@5965be2d]" started-at="2022-01-18T13:57:10 IST" name="EndTheTest" finished-at="2022-01-18T13:57:12 IST" duration-ms="1702" status="PASS">
          <reporter-output>
          </reporter-output>
        </test-method> <!-- EndTheTest -->
        <test-method is-config="true" signature="initializeDriver()[pri:0, instance:runner.CarBookingRunner@5965be2d]" started-at="2022-01-18T13:57:12 IST" name="initializeDriver" finished-at="2022-01-18T13:57:17 IST" duration-ms="5405" status="PASS">
          <reporter-output>
          </reporter-output>
        </test-method> <!-- initializeDriver -->
        <test-method signature="airporttaxi(java.lang.String, java.lang.String, java.lang.String, java.lang.String, java.lang.String, java.lang.String, java.lang.String)[pri:6, instance:runner.CarBookingRunner@5965be2d]" started-at="2022-01-18T13:57:17 IST" name="airporttaxi" data-provider="getAirportdata" finished-at="2022-01-18T13:57:29 IST" duration-ms="11882" status="PASS">
          <params>
            <param index="0">
              <value>
                <![CDATA[Bangalore, Karnataka]]>
              </value>
            </param>
            <param index="1">
              <value>
                <![CDATA[Bangalore, Karnataka]]>
              </value>
            </param>
            <param index="2">
              <value>
                <![CDATA[January2022]]>
              </value>
            </param>
            <param index="3">
              <value>
                <![CDATA[23]]>
              </value>
            </param>
            <param index="4">
              <value>
                <![CDATA[2:30 PM]]>
              </value>
            </param>
            <param index="5">
              <value>
                <![CDATA[Bangalore]]>
              </value>
            </param>
            <param index="6">
              <value>
                <![CDATA[23-01-2022]]>
              </value>
            </param>
          </params>
          <reporter-output>
          </reporter-output>
        </test-method> <!-- airporttaxi -->
        <test-method is-config="true" signature="EndTheTest()[pri:0, instance:runner.CarBookingRunner@5965be2d]" started-at="2022-01-18T13:57:29 IST" name="EndTheTest" finished-at="2022-01-18T13:57:30 IST" duration-ms="1566" status="PASS">
          <reporter-output>
          </reporter-output>
        </test-method> <!-- EndTheTest -->
        <test-method is-config="true" signature="initializeDriver()[pri:0, instance:runner.CarBookingRunner@5965be2d]" started-at="2022-01-18T13:57:30 IST" name="initializeDriver" finished-at="2022-01-18T13:57:35 IST" duration-ms="4708" status="PASS">
          <reporter-output>
          </reporter-output>
        </test-method> <!-- initializeDriver -->
        <test-method signature="CheckCabTypes(java.lang.String)[pri:7, instance:runner.CarBookingRunner@5965be2d]" started-at="2022-01-18T13:57:35 IST" name="CheckCabTypes" data-provider="getCabType" finished-at="2022-01-18T13:57:41 IST" duration-ms="6181" status="PASS">
          <params>
            <param index="0">
              <value>
                <![CDATA[Savaari - Cab Types]]>
              </value>
            </param>
          </params>
          <reporter-output>
          </reporter-output>
        </test-method> <!-- CheckCabTypes -->
        <test-method is-config="true" signature="EndTheTest()[pri:0, instance:runner.CarBookingRunner@5965be2d]" started-at="2022-01-18T13:57:41 IST" name="EndTheTest" finished-at="2022-01-18T13:57:43 IST" duration-ms="1613" status="PASS">
          <reporter-output>
          </reporter-output>
        </test-method> <!-- EndTheTest -->
        <test-method is-config="true" signature="initializeDriver()[pri:0, instance:runner.CarBookingRunner@5965be2d]" started-at="2022-01-18T13:57:43 IST" name="initializeDriver" finished-at="2022-01-18T13:57:48 IST" duration-ms="5273" status="PASS">
          <reporter-output>
          </reporter-output>
        </test-method> <!-- initializeDriver -->
        <test-method signature="ContactUs(java.lang.String)[pri:8, instance:runner.CarBookingRunner@5965be2d]" started-at="2022-01-18T13:57:48 IST" name="ContactUs" data-provider="getContact" finished-at="2022-01-18T13:57:55 IST" duration-ms="6818" status="PASS">
          <params>
            <param index="0">
              <value>
                <![CDATA[Contact Us]]>
              </value>
            </param>
          </params>
          <reporter-output>
          </reporter-output>
        </test-method> <!-- ContactUs -->
        <test-method is-config="true" signature="EndTheTest()[pri:0, instance:runner.CarBookingRunner@5965be2d]" started-at="2022-01-18T13:57:55 IST" name="EndTheTest" finished-at="2022-01-18T13:57:57 IST" duration-ms="1713" status="PASS">
          <reporter-output>
          </reporter-output>
        </test-method> <!-- EndTheTest -->
        <test-method is-config="true" signature="initializeDriver()[pri:0, instance:runner.CarBookingRunner@5965be2d]" started-at="2022-01-18T13:57:57 IST" name="initializeDriver" finished-at="2022-01-18T13:58:02 IST" duration-ms="5115" status="PASS">
          <reporter-output>
          </reporter-output>
        </test-method> <!-- initializeDriver -->
        <test-method signature="localcars(java.lang.String, java.lang.String, java.lang.String, java.lang.String, java.lang.String, java.lang.String)[pri:9, instance:runner.CarBookingRunner@5965be2d]" started-at="2022-01-18T13:58:02 IST" name="localcars" data-provider="getLocal" finished-at="2022-01-18T13:58:09 IST" duration-ms="7216" status="PASS">
          <params>
            <param index="0">
              <value>
                <![CDATA[Bangalore, Karnataka]]>
              </value>
            </param>
            <param index="1">
              <value>
                <![CDATA[January2022]]>
              </value>
            </param>
            <param index="2">
              <value>
                <![CDATA[23]]>
              </value>
            </param>
            <param index="3">
              <value>
                <![CDATA[2:30 PM]]>
              </value>
            </param>
            <param index="4">
              <value>
                <![CDATA[Bangalore]]>
              </value>
            </param>
            <param index="5">
              <value>
                <![CDATA[23-01-2022]]>
              </value>
            </param>
          </params>
          <reporter-output>
          </reporter-output>
        </test-method> <!-- localcars -->
        <test-method is-config="true" signature="EndTheTest()[pri:0, instance:runner.CarBookingRunner@5965be2d]" started-at="2022-01-18T13:58:09 IST" name="EndTheTest" finished-at="2022-01-18T13:58:11 IST" duration-ms="1630" status="PASS">
          <reporter-output>
          </reporter-output>
        </test-method> <!-- EndTheTest -->
        <test-method is-config="true" signature="initializeDriver()[pri:0, instance:runner.CarBookingRunner@5965be2d]" started-at="2022-01-18T13:58:11 IST" name="initializeDriver" finished-at="2022-01-18T13:58:16 IST" duration-ms="5123" status="PASS">
          <reporter-output>
          </reporter-output>
        </test-method> <!-- initializeDriver -->
        <test-method signature="oneway(java.lang.String, java.lang.String, java.lang.String, java.lang.String, java.lang.String, java.lang.String, java.lang.String)[pri:10, instance:runner.CarBookingRunner@5965be2d]" started-at="2022-01-18T13:58:16 IST" name="oneway" data-provider="getoneway" finished-at="2022-01-18T13:58:21 IST" duration-ms="5369" status="PASS">
          <params>
            <param index="0">
              <value>
                <![CDATA[Bangalore, Karnataka]]>
              </value>
            </param>
            <param index="1">
              <value>
                <![CDATA[Chennai, Tamil Nadu]]>
              </value>
            </param>
            <param index="2">
              <value>
                <![CDATA[January2022]]>
              </value>
            </param>
            <param index="3">
              <value>
                <![CDATA[23]]>
              </value>
            </param>
            <param index="4">
              <value>
                <![CDATA[2:30 PM]]>
              </value>
            </param>
            <param index="5">
              <value>
                <![CDATA[Bangalore]]>
              </value>
            </param>
            <param index="6">
              <value>
                <![CDATA[23-01-2022]]>
              </value>
            </param>
          </params>
          <reporter-output>
          </reporter-output>
        </test-method> <!-- oneway -->
        <test-method is-config="true" signature="EndTheTest()[pri:0, instance:runner.CarBookingRunner@5965be2d]" started-at="2022-01-18T13:58:21 IST" name="EndTheTest" finished-at="2022-01-18T13:58:23 IST" duration-ms="1590" status="PASS">
          <reporter-output>
          </reporter-output>
        </test-method> <!-- EndTheTest -->
        <test-method is-config="true" signature="initializeDriver()[pri:0, instance:runner.CarBookingRunner@5965be2d]" started-at="2022-01-18T13:58:23 IST" name="initializeDriver" finished-at="2022-01-18T13:58:28 IST" duration-ms="4918" status="PASS">
          <reporter-output>
          </reporter-output>
        </test-method> <!-- initializeDriver -->
        <test-method signature="RoundTrip(java.lang.String, java.lang.String, java.lang.String, java.lang.String, java.lang.String, java.lang.String, java.lang.String, java.lang.String, java.lang.String)[pri:11, instance:runner.CarBookingRunner@5965be2d]" started-at="2022-01-18T13:58:28 IST" name="RoundTrip" data-provider="getRoundTrip" finished-at="2022-01-18T13:58:40 IST" duration-ms="11998" status="PASS">
          <params>
            <param index="0">
              <value>
                <![CDATA[Bangalore, Karnataka]]>
              </value>
            </param>
            <param index="1">
              <value>
                <![CDATA[Chennai, Tamil Nadu]]>
              </value>
            </param>
            <param index="2">
              <value>
                <![CDATA[January2022]]>
              </value>
            </param>
            <param index="3">
              <value>
                <![CDATA[23]]>
              </value>
            </param>
            <param index="4">
              <value>
                <![CDATA[January2022]]>
              </value>
            </param>
            <param index="5">
              <value>
                <![CDATA[25]]>
              </value>
            </param>
            <param index="6">
              <value>
                <![CDATA[2:30 PM]]>
              </value>
            </param>
            <param index="7">
              <value>
                <![CDATA[Bangalore]]>
              </value>
            </param>
            <param index="8">
              <value>
                <![CDATA[23-01-2022]]>
              </value>
            </param>
          </params>
          <reporter-output>
          </reporter-output>
        </test-method> <!-- RoundTrip -->
        <test-method is-config="true" signature="EndTheTest()[pri:0, instance:runner.CarBookingRunner@5965be2d]" started-at="2022-01-18T13:58:40 IST" name="EndTheTest" finished-at="2022-01-18T13:58:41 IST" duration-ms="1489" status="PASS">
          <reporter-output>
          </reporter-output>
        </test-method> <!-- EndTheTest -->
        <test-method is-config="true" signature="initializeDriver()[pri:0, instance:runner.CarBookingRunner@5965be2d]" started-at="2022-01-18T13:58:41 IST" name="initializeDriver" finished-at="2022-01-18T13:58:46 IST" duration-ms="5213" status="PASS">
          <reporter-output>
          </reporter-output>
        </test-method> <!-- initializeDriver -->
        <test-method signature="TravelAgents()[pri:12, instance:runner.CarBookingRunner@5965be2d]" started-at="2022-01-18T13:58:46 IST" name="TravelAgents" finished-at="2022-01-18T13:58:51 IST" duration-ms="4843" status="PASS">
          <reporter-output>
          </reporter-output>
        </test-method> <!-- TravelAgents -->
        <test-method is-config="true" signature="EndTheTest()[pri:0, instance:runner.CarBookingRunner@5965be2d]" started-at="2022-01-18T13:58:51 IST" name="EndTheTest" finished-at="2022-01-18T13:58:52 IST" duration-ms="391" status="PASS">
          <reporter-output>
          </reporter-output>
        </test-method> <!-- EndTheTest -->
      </class> <!-- runner.CarBookingRunner -->
    </test> <!-- Default test -->
  </suite> <!-- Default suite -->
</testng-results>
